#
# There is insufficient memory for the Java Runtime Environment to continue.
# Native memory allocation (malloc) failed to allocate 320160 bytes. Error detail: Chunk::new
# Possible reasons:
#   The system is out of physical RAM or swap space
#   This process is running with CompressedOops enabled, and the Java Heap may be blocking the growth of the native heap
# Possible solutions:
#   Reduce memory load on the system
#   Increase physical memory or swap space
#   Check if swap backing store is full
#   Decrease Java heap size (-Xmx/-Xms)
#   Decrease number of Java threads
#   Decrease Java thread stack sizes (-Xss)
#   Set larger code cache with -XX:ReservedCodeCacheSize=
#   JVM is running with Unscaled Compressed Oops mode in which the Java heap is
#     placed in the first 4GB address space. The Java Heap base address is the
#     maximum limit for the native heap growth. Please use -XX:HeapBaseMinAddress
#     to set the Java Heap base and to place the Java Heap above 4GB virtual address.
# This output file may be truncated or incomplete.
#
#  Out of Memory Error (arena.cpp:168), pid=5636, tid=6168
#
# JRE version: OpenJDK Runtime Environment (21.0.6) (build 21.0.6+-13391695-b895.109)
# Java VM: OpenJDK 64-Bit Server VM (21.0.6+-13391695-b895.109, mixed mode, tiered, compressed oops, compressed class ptrs, g1 gc, windows-amd64)
# No core dump will be written. Minidumps are not enabled by default on client versions of Windows
#

---------------  S U M M A R Y ------------

Command Line: -Xmx64m -Xms64m -Dorg.gradle.appname=gradlew org.gradle.wrapper.GradleWrapperMain build

Host: Intel(R) Core(TM) i3-8145U CPU @ 2.10GHz, 4 cores, 7G,  Windows 11 , 64 bit Build 26100 (10.0.26100.7019)
Time: Tue Nov 18 01:59:44 2025 South Africa Standard Time elapsed time: 400.056748 seconds (0d 0h 6m 40s)

---------------  T H R E A D  ---------------

Current thread (0x000001782158d4f0):  JavaThread "C2 CompilerThread0" daemon [_thread_in_native, id=6168, stack(0x0000000e24000000,0x0000000e24100000) (1024K)]


Current CompileTask:
C2:400056 2190       4       org.gradle.internal.logging.console.MultiLineBuildProgressArea::redraw (203 bytes)

Stack: [0x0000000e24000000,0x0000000e24100000]
Native frames: (J=compiled Java code, j=interpreted, Vv=VM code, C=native code)
V  [jvm.dll+0x6d0639]
V  [jvm.dll+0x85eb03]
V  [jvm.dll+0x86105e]
V  [jvm.dll+0x861743]
V  [jvm.dll+0x27e6e6]
V  [jvm.dll+0xbff6d]
V  [jvm.dll+0xc04a3]
V  [jvm.dll+0x3b61ab]
V  [jvm.dll+0x3820c7]
V  [jvm.dll+0x38153a]
V  [jvm.dll+0x247c82]
V  [jvm.dll+0x247251]
V  [jvm.dll+0x1c5f04]
V  [jvm.dll+0x2569ac]
V  [jvm.dll+0x254ef6]
V  [jvm.dll+0x3f0e96]
V  [jvm.dll+0x806ed8]
V  [jvm.dll+0x6cef0d]
C  [ucrtbase.dll+0x37b0]
C  [KERNEL32.DLL+0x2e8d7]
C  [ntdll.dll+0x8c53c]


---------------  P R O C E S S  ---------------

Threads class SMR info:
_java_thread_list=0x0000017826bdbbb0, length=12, elements={
0x000001780aa6e500, 0x00000178215a93f0, 0x00000178215aba60, 0x00000178215af0e0,
0x000001782158bb20, 0x000001782158c500, 0x000001782158cb60, 0x000001782158d4f0,
0x0000017821710940, 0x00000178218845b0, 0x000001782188eec0, 0x0000017826af08a0
}

Java Threads: ( => current thread )
  0x000001780aa6e500 JavaThread "main"                              [_thread_in_native, id=19640, stack(0x0000000e23200000,0x0000000e23300000) (1024K)]
  0x00000178215a93f0 JavaThread "Reference Handler"          daemon [_thread_blocked, id=13772, stack(0x0000000e23a00000,0x0000000e23b00000) (1024K)]
  0x00000178215aba60 JavaThread "Finalizer"                  daemon [_thread_blocked, id=17388, stack(0x0000000e23b00000,0x0000000e23c00000) (1024K)]
  0x00000178215af0e0 JavaThread "Signal Dispatcher"          daemon [_thread_blocked, id=11956, stack(0x0000000e23c00000,0x0000000e23d00000) (1024K)]
  0x000001782158bb20 JavaThread "Attach Listener"            daemon [_thread_blocked, id=14088, stack(0x0000000e23d00000,0x0000000e23e00000) (1024K)]
  0x000001782158c500 JavaThread "Service Thread"             daemon [_thread_blocked, id=17348, stack(0x0000000e23e00000,0x0000000e23f00000) (1024K)]
  0x000001782158cb60 JavaThread "Monitor Deflation Thread"   daemon [_thread_blocked, id=10152, stack(0x0000000e23f00000,0x0000000e24000000) (1024K)]
=>0x000001782158d4f0 JavaThread "C2 CompilerThread0"         daemon [_thread_in_native, id=6168, stack(0x0000000e24000000,0x0000000e24100000) (1024K)]
  0x0000017821710940 JavaThread "C1 CompilerThread0"         daemon [_thread_blocked, id=18640, stack(0x0000000e24100000,0x0000000e24200000) (1024K)]
  0x00000178218845b0 JavaThread "Notification Thread"        daemon [_thread_blocked, id=2876, stack(0x0000000e24200000,0x0000000e24300000) (1024K)]
  0x000001782188eec0 JavaThread "Common-Cleaner"             daemon [_thread_blocked, id=10504, stack(0x0000000e24300000,0x0000000e24400000) (1024K)]
  0x0000017826af08a0 JavaThread "pool-1-thread-1"                   [_thread_blocked, id=5268, stack(0x0000000e24700000,0x0000000e24800000) (1024K)]
Total: 12

Other Threads:
  0x000001780cebce20 VMThread "VM Thread"                           [id=1696, stack(0x0000000e23900000,0x0000000e23a00000) (1024K)]
  0x00000178214dd200 WatcherThread "VM Periodic Task Thread"        [id=3640, stack(0x0000000e23800000,0x0000000e23900000) (1024K)]
  0x000001780ce33710 WorkerThread "GC Thread#0"                     [id=13076, stack(0x0000000e23300000,0x0000000e23400000) (1024K)]
  0x000001780cebd1c0 WorkerThread "GC Thread#1"                     [id=14592, stack(0x0000000e24400000,0x0000000e24500000) (1024K)]
  0x000001780cebca80 WorkerThread "GC Thread#2"                     [id=11372, stack(0x0000000e24500000,0x0000000e24600000) (1024K)]
  0x000001780cebc340 WorkerThread "GC Thread#3"                     [id=9572, stack(0x0000000e24600000,0x0000000e24700000) (1024K)]
  0x000001780ce34ef0 ConcurrentGCThread "G1 Main Marker"            [id=18380, stack(0x0000000e23400000,0x0000000e23500000) (1024K)]
  0x000001780ce36830 WorkerThread "G1 Conc#0"                       [id=20456, stack(0x0000000e23500000,0x0000000e23600000) (1024K)]
  0x000001780ce8ddf0 ConcurrentGCThread "G1 Refine#0"               [id=19848, stack(0x0000000e23600000,0x0000000e23700000) (1024K)]
  0x000001780ce8eac0 ConcurrentGCThread "G1 Service"                [id=7076, stack(0x0000000e23700000,0x0000000e23800000) (1024K)]
Total: 10

Threads with active compile tasks:
C2 CompilerThread0  400638 2190       4       org.gradle.internal.logging.console.MultiLineBuildProgressArea::redraw (203 bytes)
Total: 1

VM state: not at safepoint (normal execution)

VM Mutex/Monitor currently owned by a thread: None

Heap address: 0x00000000fc000000, size: 64 MB, Compressed Oops mode: 32-bit

CDS archive(s) not mapped
Compressed class space mapped at: 0x0000000100000000-0x0000000140000000, reserved size: 1073741824
Narrow klass base: 0x0000000000000000, Narrow klass shift: 3, Narrow klass range: 0x140000000

GC Precious Log:
 CardTable entry size: 512
 Card Set container configuration: InlinePtr #cards 5 size 8 Array Of Cards #cards 12 size 40 Howl #buckets 4 coarsen threshold 1843 Howl Bitmap #cards 512 size 80 coarsen threshold 460 Card regions per heap region 1 cards per card region 2048
 CPUs: 4 total, 4 available
 Memory: 8043M
 Large Page Support: Disabled
 NUMA Support: Disabled
 Compressed Oops: Enabled (32-bit)
 Heap Region Size: 1M
 Heap Min Capacity: 64M
 Heap Initial Capacity: 64M
 Heap Max Capacity: 64M
 Pre-touch: Disabled
 Parallel Workers: 4
 Concurrent Workers: 1
 Concurrent Refinement Workers: 4
 Periodic GC: Disabled

Heap:
 garbage-first heap   total 65536K, used 41314K [0x00000000fc000000, 0x0000000100000000)
  region size 1024K, 35 young (35840K), 4 survivors (4096K)
 Metaspace       used 18557K, committed 18944K, reserved 1114112K
  class space    used 2138K, committed 2304K, reserved 1048576K

Heap Regions: E=young(eden), S=young(survivor), O=old, HS=humongous(starts), HC=humongous(continues), CS=collection set, F=free, TAMS=top-at-mark-start, PB=parsable bottom
|   0|0x00000000fc000000, 0x00000000fc100000, 0x00000000fc100000|100%|HS|  |TAMS 0x00000000fc000000| PB 0x00000000fc000000| Complete 
|   1|0x00000000fc100000, 0x00000000fc200000, 0x00000000fc200000|100%|HC|  |TAMS 0x00000000fc100000| PB 0x00000000fc100000| Complete 
|   2|0x00000000fc200000, 0x00000000fc300000, 0x00000000fc300000|100%|HC|  |TAMS 0x00000000fc200000| PB 0x00000000fc200000| Complete 
|   3|0x00000000fc300000, 0x00000000fc400000, 0x00000000fc400000|100%| O|  |TAMS 0x00000000fc300000| PB 0x00000000fc300000| Untracked 
|   4|0x00000000fc400000, 0x00000000fc500000, 0x00000000fc500000|100%| O|  |TAMS 0x00000000fc400000| PB 0x00000000fc400000| Untracked 
|   5|0x00000000fc500000, 0x00000000fc600000, 0x00000000fc600000|100%| O|  |TAMS 0x00000000fc500000| PB 0x00000000fc500000| Untracked 
|   6|0x00000000fc600000, 0x00000000fc658b00, 0x00000000fc700000| 34%| O|  |TAMS 0x00000000fc600000| PB 0x00000000fc600000| Untracked 
|   7|0x00000000fc700000, 0x00000000fc700000, 0x00000000fc800000|  0%| F|  |TAMS 0x00000000fc700000| PB 0x00000000fc700000| Untracked 
|   8|0x00000000fc800000, 0x00000000fc800000, 0x00000000fc900000|  0%| F|  |TAMS 0x00000000fc800000| PB 0x00000000fc800000| Untracked 
|   9|0x00000000fc900000, 0x00000000fc900000, 0x00000000fca00000|  0%| F|  |TAMS 0x00000000fc900000| PB 0x00000000fc900000| Untracked 
|  10|0x00000000fca00000, 0x00000000fca00000, 0x00000000fcb00000|  0%| F|  |TAMS 0x00000000fca00000| PB 0x00000000fca00000| Untracked 
|  11|0x00000000fcb00000, 0x00000000fcb00000, 0x00000000fcc00000|  0%| F|  |TAMS 0x00000000fcb00000| PB 0x00000000fcb00000| Untracked 
|  12|0x00000000fcc00000, 0x00000000fcc00000, 0x00000000fcd00000|  0%| F|  |TAMS 0x00000000fcc00000| PB 0x00000000fcc00000| Untracked 
|  13|0x00000000fcd00000, 0x00000000fcd00000, 0x00000000fce00000|  0%| F|  |TAMS 0x00000000fcd00000| PB 0x00000000fcd00000| Untracked 
|  14|0x00000000fce00000, 0x00000000fce00000, 0x00000000fcf00000|  0%| F|  |TAMS 0x00000000fce00000| PB 0x00000000fce00000| Untracked 
|  15|0x00000000fcf00000, 0x00000000fcf00000, 0x00000000fd000000|  0%| F|  |TAMS 0x00000000fcf00000| PB 0x00000000fcf00000| Untracked 
|  16|0x00000000fd000000, 0x00000000fd000000, 0x00000000fd100000|  0%| F|  |TAMS 0x00000000fd000000| PB 0x00000000fd000000| Untracked 
|  17|0x00000000fd100000, 0x00000000fd100000, 0x00000000fd200000|  0%| F|  |TAMS 0x00000000fd100000| PB 0x00000000fd100000| Untracked 
|  18|0x00000000fd200000, 0x00000000fd200000, 0x00000000fd300000|  0%| F|  |TAMS 0x00000000fd200000| PB 0x00000000fd200000| Untracked 
|  19|0x00000000fd300000, 0x00000000fd300000, 0x00000000fd400000|  0%| F|  |TAMS 0x00000000fd300000| PB 0x00000000fd300000| Untracked 
|  20|0x00000000fd400000, 0x00000000fd400000, 0x00000000fd500000|  0%| F|  |TAMS 0x00000000fd400000| PB 0x00000000fd400000| Untracked 
|  21|0x00000000fd500000, 0x00000000fd500000, 0x00000000fd600000|  0%| F|  |TAMS 0x00000000fd500000| PB 0x00000000fd500000| Untracked 
|  22|0x00000000fd600000, 0x00000000fd600000, 0x00000000fd700000|  0%| F|  |TAMS 0x00000000fd600000| PB 0x00000000fd600000| Untracked 
|  23|0x00000000fd700000, 0x00000000fd700000, 0x00000000fd800000|  0%| F|  |TAMS 0x00000000fd700000| PB 0x00000000fd700000| Untracked 
|  24|0x00000000fd800000, 0x00000000fd800000, 0x00000000fd900000|  0%| F|  |TAMS 0x00000000fd800000| PB 0x00000000fd800000| Untracked 
|  25|0x00000000fd900000, 0x00000000fd900000, 0x00000000fda00000|  0%| F|  |TAMS 0x00000000fd900000| PB 0x00000000fd900000| Untracked 
|  26|0x00000000fda00000, 0x00000000fda00000, 0x00000000fdb00000|  0%| F|  |TAMS 0x00000000fda00000| PB 0x00000000fda00000| Untracked 
|  27|0x00000000fdb00000, 0x00000000fdb00000, 0x00000000fdc00000|  0%| F|  |TAMS 0x00000000fdb00000| PB 0x00000000fdb00000| Untracked 
|  28|0x00000000fdc00000, 0x00000000fdc00000, 0x00000000fdd00000|  0%| F|  |TAMS 0x00000000fdc00000| PB 0x00000000fdc00000| Untracked 
|  29|0x00000000fdd00000, 0x00000000fdd74120, 0x00000000fde00000| 45%| E|  |TAMS 0x00000000fdd00000| PB 0x00000000fdd00000| Complete 
|  30|0x00000000fde00000, 0x00000000fdf00000, 0x00000000fdf00000|100%| E|CS|TAMS 0x00000000fde00000| PB 0x00000000fde00000| Complete 
|  31|0x00000000fdf00000, 0x00000000fe000000, 0x00000000fe000000|100%| E|CS|TAMS 0x00000000fdf00000| PB 0x00000000fdf00000| Complete 
|  32|0x00000000fe000000, 0x00000000fe100000, 0x00000000fe100000|100%| E|CS|TAMS 0x00000000fe000000| PB 0x00000000fe000000| Complete 
|  33|0x00000000fe100000, 0x00000000fe200000, 0x00000000fe200000|100%| E|CS|TAMS 0x00000000fe100000| PB 0x00000000fe100000| Complete 
|  34|0x00000000fe200000, 0x00000000fe300000, 0x00000000fe300000|100%| E|CS|TAMS 0x00000000fe200000| PB 0x00000000fe200000| Complete 
|  35|0x00000000fe300000, 0x00000000fe400000, 0x00000000fe400000|100%| S|CS|TAMS 0x00000000fe300000| PB 0x00000000fe300000| Complete 
|  36|0x00000000fe400000, 0x00000000fe500000, 0x00000000fe500000|100%| S|CS|TAMS 0x00000000fe400000| PB 0x00000000fe400000| Complete 
|  37|0x00000000fe500000, 0x00000000fe600000, 0x00000000fe600000|100%| S|CS|TAMS 0x00000000fe500000| PB 0x00000000fe500000| Complete 
|  38|0x00000000fe600000, 0x00000000fe700000, 0x00000000fe700000|100%| S|CS|TAMS 0x00000000fe600000| PB 0x00000000fe600000| Complete 
|  39|0x00000000fe700000, 0x00000000fe800000, 0x00000000fe800000|100%| E|CS|TAMS 0x00000000fe700000| PB 0x00000000fe700000| Complete 
|  40|0x00000000fe800000, 0x00000000fe900000, 0x00000000fe900000|100%| E|CS|TAMS 0x00000000fe800000| PB 0x00000000fe800000| Complete 
|  41|0x00000000fe900000, 0x00000000fea00000, 0x00000000fea00000|100%| E|CS|TAMS 0x00000000fe900000| PB 0x00000000fe900000| Complete 
|  42|0x00000000fea00000, 0x00000000feb00000, 0x00000000feb00000|100%| E|CS|TAMS 0x00000000fea00000| PB 0x00000000fea00000| Complete 
|  43|0x00000000feb00000, 0x00000000fec00000, 0x00000000fec00000|100%| E|CS|TAMS 0x00000000feb00000| PB 0x00000000feb00000| Complete 
|  44|0x00000000fec00000, 0x00000000fed00000, 0x00000000fed00000|100%| E|CS|TAMS 0x00000000fec00000| PB 0x00000000fec00000| Complete 
|  45|0x00000000fed00000, 0x00000000fee00000, 0x00000000fee00000|100%| E|CS|TAMS 0x00000000fed00000| PB 0x00000000fed00000| Complete 
|  46|0x00000000fee00000, 0x00000000fef00000, 0x00000000fef00000|100%| E|CS|TAMS 0x00000000fee00000| PB 0x00000000fee00000| Complete 
|  47|0x00000000fef00000, 0x00000000ff000000, 0x00000000ff000000|100%| E|CS|TAMS 0x00000000fef00000| PB 0x00000000fef00000| Complete 
|  48|0x00000000ff000000, 0x00000000ff100000, 0x00000000ff100000|100%| E|CS|TAMS 0x00000000ff000000| PB 0x00000000ff000000| Complete 
|  49|0x00000000ff100000, 0x00000000ff200000, 0x00000000ff200000|100%| E|CS|TAMS 0x00000000ff100000| PB 0x00000000ff100000| Complete 
|  50|0x00000000ff200000, 0x00000000ff300000, 0x00000000ff300000|100%| E|CS|TAMS 0x00000000ff200000| PB 0x00000000ff200000| Complete 
|  51|0x00000000ff300000, 0x00000000ff400000, 0x00000000ff400000|100%| E|CS|TAMS 0x00000000ff300000| PB 0x00000000ff300000| Complete 
|  52|0x00000000ff400000, 0x00000000ff500000, 0x00000000ff500000|100%| E|CS|TAMS 0x00000000ff400000| PB 0x00000000ff400000| Complete 
|  53|0x00000000ff500000, 0x00000000ff600000, 0x00000000ff600000|100%| E|CS|TAMS 0x00000000ff500000| PB 0x00000000ff500000| Complete 
|  54|0x00000000ff600000, 0x00000000ff700000, 0x00000000ff700000|100%| E|CS|TAMS 0x00000000ff600000| PB 0x00000000ff600000| Complete 
|  55|0x00000000ff700000, 0x00000000ff800000, 0x00000000ff800000|100%| E|CS|TAMS 0x00000000ff700000| PB 0x00000000ff700000| Complete 
|  56|0x00000000ff800000, 0x00000000ff900000, 0x00000000ff900000|100%| E|CS|TAMS 0x00000000ff800000| PB 0x00000000ff800000| Complete 
|  57|0x00000000ff900000, 0x00000000ffa00000, 0x00000000ffa00000|100%| E|CS|TAMS 0x00000000ff900000| PB 0x00000000ff900000| Complete 
|  58|0x00000000ffa00000, 0x00000000ffb00000, 0x00000000ffb00000|100%| E|CS|TAMS 0x00000000ffa00000| PB 0x00000000ffa00000| Complete 
|  59|0x00000000ffb00000, 0x00000000ffc00000, 0x00000000ffc00000|100%| E|CS|TAMS 0x00000000ffb00000| PB 0x00000000ffb00000| Complete 
|  60|0x00000000ffc00000, 0x00000000ffd00000, 0x00000000ffd00000|100%| E|CS|TAMS 0x00000000ffc00000| PB 0x00000000ffc00000| Complete 
|  61|0x00000000ffd00000, 0x00000000ffe00000, 0x00000000ffe00000|100%| E|CS|TAMS 0x00000000ffd00000| PB 0x00000000ffd00000| Complete 
|  62|0x00000000ffe00000, 0x00000000fff00000, 0x00000000fff00000|100%| E|CS|TAMS 0x00000000ffe00000| PB 0x00000000ffe00000| Complete 
|  63|0x00000000fff00000, 0x0000000100000000, 0x0000000100000000|100%| E|CS|TAMS 0x00000000fff00000| PB 0x00000000fff00000| Complete 

Card table byte_map: [0x000001780cc00000,0x000001780cc20000] _byte_map_base: 0x000001780c420000

Marking Bits: (CMBitMap*) 0x000001780ce33e10
 Bits: [0x000001780cc20000, 0x000001780cd20000)

Polling page: 0x000001780aed0000

Metaspace:

Usage:
  Non-class:     16.03 MB used.
      Class:      2.09 MB used.
       Both:     18.12 MB used.

Virtual space:
  Non-class space:       64.00 MB reserved,      16.25 MB ( 25%) committed,  1 nodes.
      Class space:        1.00 GB reserved,       2.25 MB ( <1%) committed,  1 nodes.
             Both:        1.06 GB reserved,      18.50 MB (  2%) committed. 

Chunk freelists:
   Non-Class:  15.55 MB
       Class:  13.64 MB
        Both:  29.19 MB

MaxMetaspaceSize: unlimited
CompressedClassSpaceSize: 1.00 GB
Initial GC threshold: 21.00 MB
Current GC threshold: 21.00 MB
CDS: off
 - commit_granule_bytes: 65536.
 - commit_granule_words: 8192.
 - virtual_space_node_default_size: 8388608.
 - enlarge_chunks_in_place: 1.
 - use_allocation_guard: 0.


Internal statistics:

num_allocs_failed_limit: 0.
num_arena_births: 306.
num_arena_deaths: 0.
num_vsnodes_births: 2.
num_vsnodes_deaths: 0.
num_space_committed: 296.
num_space_uncommitted: 0.
num_chunks_returned_to_freelist: 0.
num_chunks_taken_from_freelist: 655.
num_chunk_merges: 0.
num_chunk_splits: 416.
num_chunks_enlarged: 275.
num_inconsistent_stats: 0.

CodeHeap 'non-profiled nmethods': size=120000Kb used=929Kb max_used=929Kb free=119071Kb
 bounds [0x0000017817a40000, 0x0000017817cb0000, 0x000001781ef70000]
CodeHeap 'profiled nmethods': size=120000Kb used=4095Kb max_used=4095Kb free=115904Kb
 bounds [0x000001780ff70000, 0x0000017810370000, 0x00000178174a0000]
CodeHeap 'non-nmethods': size=5760Kb used=1384Kb max_used=1413Kb free=4375Kb
 bounds [0x00000178174a0000, 0x0000017817710000, 0x0000017817a40000]
 total_blobs=2686 nmethods=2185 adapters=406
 compilation: enabled
              stopped_count=0, restarted_count=0
 full_count=0

Compilation events (20 events):
Event: 266.324 Thread 0x0000017821710940 nmethod 2180 0x000001781036b290 code [0x000001781036b4a0, 0x000001781036ba80]
Event: 266.324 Thread 0x0000017821710940 2181       3       com.google.common.collect.Lists::reverse (59 bytes)
Event: 266.334 Thread 0x0000017821710940 nmethod 2181 0x000001781036bc90 code [0x000001781036bf60, 0x000001781036d260]
Event: 266.334 Thread 0x0000017821710940 2182       3       com.google.common.collect.Lists$RandomAccessReverseList::<init> (6 bytes)
Event: 266.337 Thread 0x0000017821710940 nmethod 2182 0x000001781036d710 code [0x000001781036d900, 0x000001781036de38]
Event: 267.486 Thread 0x0000017821710940 2183   !   3       java.io.FileOutputStream::write (47 bytes)
Event: 267.497 Thread 0x0000017821710940 nmethod 2183 0x000001781036e010 code [0x000001781036e200, 0x000001781036e4c8]
Event: 272.528 Thread 0x0000017821710940 2184       3       java.io.BufferedOutputStream::growIfNeeded (59 bytes)
Event: 272.537 Thread 0x0000017821710940 nmethod 2184 0x000001781036e690 code [0x000001781036e860, 0x000001781036eb40]
Event: 349.020 Thread 0x0000017821710940 2185       3       com.google.common.collect.Iterators::forArray (51 bytes)
Event: 349.032 Thread 0x0000017821710940 nmethod 2185 0x000001781036ec90 code [0x000001781036eee0, 0x000001781036f698]
Event: 349.032 Thread 0x0000017821710940 2186       3       com.google.common.base.Preconditions::checkArgument (13 bytes)
Event: 349.034 Thread 0x0000017821710940 nmethod 2186 0x000001781036fa10 code [0x000001781036fbc0, 0x000001781036fd98]
Event: 349.608 Thread 0x000001782158d4f0 2187       4       org.fusesource.jansi.Ansi::flushAttributes (94 bytes)
Event: 349.728 Thread 0x000001782158d4f0 nmethod 2187 0x0000017817b26210 code [0x0000017817b26400, 0x0000017817b26a78]
Event: 394.244 Thread 0x000001782158d4f0 2188       4       java.lang.Long::stringSize (55 bytes)
Event: 394.250 Thread 0x000001782158d4f0 nmethod 2188 0x0000017817b26f10 code [0x0000017817b270a0, 0x0000017817b272c8]
Event: 394.265 Thread 0x000001782158d4f0 2189       4       java.lang.AbstractStringBuilder::append (60 bytes)
Event: 394.368 Thread 0x000001782158d4f0 nmethod 2189 0x0000017817b27390 code [0x0000017817b27580, 0x0000017817b27f98]
Event: 394.368 Thread 0x000001782158d4f0 2190       4       org.gradle.internal.logging.console.MultiLineBuildProgressArea::redraw (203 bytes)

GC Heap History (4 events):
Event: 2.254 GC heap before
{Heap before GC invocations=0 (full 0):
 garbage-first heap   total 65536K, used 13312K [0x00000000fc000000, 0x0000000100000000)
  region size 1024K, 13 young (13312K), 0 survivors (0K)
 Metaspace       used 8115K, committed 8320K, reserved 1114112K
  class space    used 723K, committed 832K, reserved 1048576K
}
Event: 2.271 GC heap after
{Heap after GC invocations=1 (full 0):
 garbage-first heap   total 65536K, used 1408K [0x00000000fc000000, 0x0000000100000000)
  region size 1024K, 2 young (2048K), 2 survivors (2048K)
 Metaspace       used 8115K, committed 8320K, reserved 1114112K
  class space    used 723K, committed 832K, reserved 1048576K
}
Event: 4.454 GC heap before
{Heap before GC invocations=1 (full 0):
 garbage-first heap   total 65536K, used 27008K [0x00000000fc000000, 0x0000000100000000)
  region size 1024K, 25 young (25600K), 2 survivors (2048K)
 Metaspace       used 11615K, committed 11840K, reserved 1114112K
  class space    used 1201K, committed 1344K, reserved 1048576K
}
Event: 4.465 GC heap after
{Heap after GC invocations=2 (full 0):
 garbage-first heap   total 65536K, used 10594K [0x00000000fc000000, 0x0000000100000000)
  region size 1024K, 4 young (4096K), 4 survivors (4096K)
 Metaspace       used 11615K, committed 11840K, reserved 1114112K
  class space    used 1201K, committed 1344K, reserved 1048576K
}

Dll operation events (3 events):
Event: 0.033 Loaded shared library C:\Program Files\Android\Android Studio\jbr\bin\java.dll
Event: 0.050 Loaded shared library C:\Program Files\Android\Android Studio\jbr\bin\zip.dll
Event: 4.074 Loaded shared library C:\Program Files\Android\Android Studio\jbr\bin\verify.dll

Deoptimization events (20 events):
Event: 6.577 Thread 0x000001780aa6e500 Uncommon trap: trap_request=0xffffffde fr.pc=0x0000017817a7e384 relative=0x00000000000000e4
Event: 6.577 Thread 0x000001780aa6e500 Uncommon trap: reason=class_check action=maybe_recompile pc=0x0000017817a7e384 method=java.util.AbstractList$Itr.next()Ljava/lang/Object; @ 14 c2
Event: 6.577 Thread 0x000001780aa6e500 DEOPT PACKING pc=0x0000017817a7e384 sp=0x0000000e232fd0d0
Event: 6.577 Thread 0x000001780aa6e500 DEOPT UNPACKING pc=0x00000178174f46a2 sp=0x0000000e232fd068 mode 2
Event: 6.584 Thread 0x0000017826af08a0 Uncommon trap: trap_request=0xffffffde fr.pc=0x0000017817a7d4a4 relative=0x0000000000000084
Event: 6.584 Thread 0x0000017826af08a0 Uncommon trap: reason=class_check action=maybe_recompile pc=0x0000017817a7d4a4 method=java.util.AbstractList$Itr.hasNext()Z @ 8 c2
Event: 6.584 Thread 0x0000017826af08a0 DEOPT PACKING pc=0x0000017817a7d4a4 sp=0x0000000e247fe790
Event: 6.584 Thread 0x0000017826af08a0 DEOPT UNPACKING pc=0x00000178174f46a2 sp=0x0000000e247fe728 mode 2
Event: 6.584 Thread 0x0000017826af08a0 Uncommon trap: trap_request=0xffffffde fr.pc=0x0000017817a7e384 relative=0x00000000000000e4
Event: 6.584 Thread 0x0000017826af08a0 Uncommon trap: reason=class_check action=maybe_recompile pc=0x0000017817a7e384 method=java.util.AbstractList$Itr.next()Ljava/lang/Object; @ 14 c2
Event: 6.584 Thread 0x0000017826af08a0 DEOPT PACKING pc=0x0000017817a7e384 sp=0x0000000e247fe780
Event: 6.584 Thread 0x0000017826af08a0 DEOPT UNPACKING pc=0x00000178174f46a2 sp=0x0000000e247fe718 mode 2
Event: 6.585 Thread 0x000001780aa6e500 Uncommon trap: trap_request=0xffffff45 fr.pc=0x0000017817acf9c8 relative=0x0000000000000648
Event: 6.585 Thread 0x000001780aa6e500 Uncommon trap: reason=unstable_if action=reinterpret pc=0x0000017817acf9c8 method=java.lang.Integer.getChars(II[B)I @ 25 c2
Event: 6.585 Thread 0x000001780aa6e500 DEOPT PACKING pc=0x0000017817acf9c8 sp=0x0000000e232fdc30
Event: 6.585 Thread 0x000001780aa6e500 DEOPT UNPACKING pc=0x00000178174f46a2 sp=0x0000000e232fdb20 mode 2
Event: 12.573 Thread 0x0000017826af08a0 Uncommon trap: trap_request=0xffffff45 fr.pc=0x0000017817abc2c8 relative=0x0000000000000648
Event: 12.574 Thread 0x0000017826af08a0 Uncommon trap: reason=unstable_if action=reinterpret pc=0x0000017817abc2c8 method=java.lang.Integer.getChars(II[B)I @ 25 c2
Event: 12.574 Thread 0x0000017826af08a0 DEOPT PACKING pc=0x0000017817abc2c8 sp=0x0000000e247fe9b0
Event: 12.574 Thread 0x0000017826af08a0 DEOPT UNPACKING pc=0x00000178174f46a2 sp=0x0000000e247fe8f8 mode 2

Classes loaded (20 events):
Event: 61.984 Loading class jdk/internal/logger/LazyLoggers
Event: 61.999 Loading class jdk/internal/logger/LazyLoggers done
Event: 62.000 Loading class jdk/internal/logger/LazyLoggers$1
Event: 62.000 Loading class jdk/internal/logger/LazyLoggers$1 done
Event: 62.000 Loading class jdk/internal/logger/LazyLoggers$LazyLoggerFactories
Event: 62.000 Loading class jdk/internal/logger/LazyLoggers$LazyLoggerFactories done
Event: 62.000 Loading class jdk/internal/logger/LoggerFinderLoader
Event: 62.001 Loading class jdk/internal/logger/LoggerFinderLoader done
Event: 62.001 Loading class jdk/internal/logger/LoggerFinderLoader$TemporaryLoggerFinder
Event: 62.002 Loading class jdk/internal/logger/LoggerFinderLoader$TemporaryLoggerFinder done
Event: 62.005 Loading class sun/util/logging/internal/LoggingProviderImpl$JULWrapper
Event: 62.026 Loading class sun/util/logging/PlatformLogger$ConfigurableBridge$LoggerConfiguration
Event: 62.026 Loading class sun/util/logging/PlatformLogger$ConfigurableBridge$LoggerConfiguration done
Event: 62.026 Loading class sun/util/logging/internal/LoggingProviderImpl$JULWrapper done
Event: 62.027 Loading class java/io/ObjectInputFilter$Config$BuiltinFilterFactory
Event: 62.027 Loading class java/io/ObjectInputFilter$Config$BuiltinFilterFactory done
Event: 62.027 Loading class jdk/internal/access/JavaObjectInputFilterAccess
Event: 62.027 Loading class jdk/internal/access/JavaObjectInputFilterAccess done
Event: 62.027 Loading class java/lang/System$Logger$Level
Event: 62.028 Loading class java/lang/System$Logger$Level done

Classes unloaded (0 events):
No events

Classes redefined (0 events):
No events

Internal exceptions (20 events):
Event: 5.867 Thread 0x000001780aa6e500 Exception <a 'java/lang/NoSuchMethodError'{0x00000000ff3796d0}: 'java.lang.Object java.lang.invoke.DirectMethodHandle$Holder.invokeStatic(java.lang.Object, java.lang.Object, java.lang.Object, java.lang.Object, java.lang.Object, java.lang.Object, java.lang.Object, java.lang.Object, java.lang.Object, java.lang.Object, java.lang.Object, java.lang.Object, java.lang.Object, java.lang.Object, java.lang.Object, java.lang.Object, java.lang.Object)'> (0x00000000ff3796d0) 
thrown [s\src\hotspot\share\interpreter\lin
Event: 5.876 Thread 0x000001780aa6e500 Exception <a 'java/lang/NoSuchMethodError'{0x00000000ff3a0e90}: 'java.lang.Object java.lang.invoke.DirectMethodHandle$Holder.invokeStatic(java.lang.Object, java.lang.Object, java.lang.Object, java.lang.Object, java.lang.Object, java.lang.Object, java.lang.Object, java.lang.Object, java.lang.Object, java.lang.Object, java.lang.Object, java.lang.Object, java.lang.Object, java.lang.Object, java.lang.Object, java.lang.Object, java.lang.Object, java.lang.Object)'> (0x00000000ff3a0e90) 
thrown [s\src\hotspot\sha
Event: 5.881 Thread 0x000001780aa6e500 Exception <a 'java/lang/NoSuchMethodError'{0x00000000ff3c9710}: 'java.lang.Object java.lang.invoke.DirectMethodHandle$Holder.invokeStatic(java.lang.Object, java.lang.Object, java.lang.Object, java.lang.Object, java.lang.Object, java.lang.Object, java.lang.Object, java.lang.Object, java.lang.Object, java.lang.Object, java.lang.Object, java.lang.Object, java.lang.Object, java.lang.Object, java.lang.Object, java.lang.Object, java.lang.Object, java.lang.Object, java.lang.Object)'> (0x00000000ff3c9710) 
thrown 
Event: 5.894 Thread 0x000001780aa6e500 Exception <a 'java/lang/NoSuchMethodError'{0x00000000ff3f3520}: 'java.lang.Object java.lang.invoke.DirectMethodHandle$Holder.invokeStatic(java.lang.Object, java.lang.Object, java.lang.Object, java.lang.Object, java.lang.Object, java.lang.Object, java.lang.Object, java.lang.Object, java.lang.Object, java.lang.Object, java.lang.Object, java.lang.Object, java.lang.Object, java.lang.Object, java.lang.Object, java.lang.Object, java.lang.Object, java.lang.Object, java.lang.Object, java.lang.Object)'> (0x00000000
Event: 5.906 Thread 0x000001780aa6e500 Exception <a 'java/lang/NoSuchMethodError'{0x00000000ff21e390}: 'java.lang.Object java.lang.invoke.DirectMethodHandle$Holder.invokeStatic(java.lang.Object, java.lang.Object, java.lang.Object, java.lang.Object, java.lang.Object, java.lang.Object, java.lang.Object, java.lang.Object, java.lang.Object, java.lang.Object, java.lang.Object, java.lang.Object, java.lang.Object, java.lang.Object, java.lang.Object, java.lang.Object, java.lang.Object, java.lang.Object, java.lang.Object, java.lang.Object, java.lang.Obj
Event: 5.917 Thread 0x000001780aa6e500 Exception <a 'java/lang/NoSuchMethodError'{0x00000000ff249a48}: 'java.lang.Object java.lang.invoke.DirectMethodHandle$Holder.invokeStatic(java.lang.Object, java.lang.Object, java.lang.Object, java.lang.Object, java.lang.Object, java.lang.Object, java.lang.Object, java.lang.Object, java.lang.Object, java.lang.Object, java.lang.Object, java.lang.Object, java.lang.Object, java.lang.Object, java.lang.Object, java.lang.Object, java.lang.Object, java.lang.Object, java.lang.Object, java.lang.Object, java.lang.Obj
Event: 5.927 Thread 0x000001780aa6e500 Exception <a 'java/lang/NoSuchMethodError'{0x00000000ff2767a8}: 'java.lang.Object java.lang.invoke.DirectMethodHandle$Holder.invokeStatic(java.lang.Object, java.lang.Object, java.lang.Object, java.lang.Object, java.lang.Object, java.lang.Object, java.lang.Object, java.lang.Object, java.lang.Object, java.lang.Object, java.lang.Object, java.lang.Object, java.lang.Object, java.lang.Object, java.lang.Object, java.lang.Object, java.lang.Object, java.lang.Object, java.lang.Object, java.lang.Object, java.lang.Obj
Event: 5.937 Thread 0x000001780aa6e500 Exception <a 'java/lang/NoSuchMethodError'{0x00000000ff2a3638}: 'java.lang.Object java.lang.invoke.DirectMethodHandle$Holder.invokeStatic(java.lang.Object, java.lang.Object, java.lang.Object, java.lang.Object, java.lang.Object, java.lang.Object, java.lang.Object, java.lang.Object, java.lang.Object, java.lang.Object, java.lang.Object, java.lang.Object, java.lang.Object, java.lang.Object, java.lang.Object, java.lang.Object, java.lang.Object, java.lang.Object, java.lang.Object, java.lang.Object, java.lang.Obj
Event: 5.956 Thread 0x000001780aa6e500 Exception <a 'java/lang/NoSuchMethodError'{0x00000000ff2d1f10}: 'java.lang.Object java.lang.invoke.DirectMethodHandle$Holder.invokeStatic(java.lang.Object, java.lang.Object, java.lang.Object, java.lang.Object, java.lang.Object, java.lang.Object, java.lang.Object, java.lang.Object, java.lang.Object, java.lang.Object, java.lang.Object, java.lang.Object, java.lang.Object, java.lang.Object, java.lang.Object, java.lang.Object, java.lang.Object, java.lang.Object, java.lang.Object, java.lang.Object, java.lang.Obj
Event: 5.971 Thread 0x000001780aa6e500 Exception <a 'java/lang/NoSuchMethodError'{0x00000000ff2f6850}: 'java.lang.Object java.lang.invoke.DirectMethodHandle$Holder.invokeSpecial(java.lang.Object, java.lang.Object, java.lang.Object, java.lang.Object, java.lang.Object, java.lang.Object, java.lang.Object, java.lang.Object, java.lang.Object, java.lang.Object, java.lang.Object, java.lang.Object, java.lang.Object, java.lang.Object, java.lang.Object, java.lang.Object, java.lang.Object, java.lang.Object, java.lang.Object, java.lang.Object, java.lang.Ob
Event: 5.977 Thread 0x000001780aa6e500 Exception <a 'java/lang/NoSuchMethodError'{0x00000000ff10c548}: 'java.lang.Object java.lang.invoke.DirectMethodHandle$Holder.newInvokeSpecial(java.lang.Object, java.lang.Object, java.lang.Object, java.lang.Object, java.lang.Object, java.lang.Object, java.lang.Object, java.lang.Object, java.lang.Object, java.lang.Object, java.lang.Object, java.lang.Object, java.lang.Object, java.lang.Object, java.lang.Object, java.lang.Object, java.lang.Object, java.lang.Object, java.lang.Object, java.lang.Object, java.lang
Event: 5.978 Thread 0x000001780aa6e500 Exception <a 'java/lang/NoSuchMethodError'{0x00000000ff112740}: 'java.lang.Object java.lang.invoke.Invokers$Holder.linkToTargetMethod(java.lang.Object, java.lang.Object, java.lang.Object, java.lang.Object, java.lang.Object, java.lang.Object, java.lang.Object, java.lang.Object, java.lang.Object, java.lang.Object, java.lang.Object, java.lang.Object, java.lang.Object, java.lang.Object, java.lang.Object, java.lang.Object, java.lang.Object, java.lang.Object, java.lang.Object, java.lang.Object, java.lang.Object,
Event: 5.981 Thread 0x000001780aa6e500 Exception <a 'java/lang/NoSuchMethodError'{0x00000000ff117ab0}: 'java.lang.Object java.lang.invoke.DirectMethodHandle$Holder.invokeVirtual(java.lang.Object, java.lang.Object, java.lang.Object, java.lang.Object, java.lang.Object, java.lang.Object, java.lang.Object, java.lang.Object, java.lang.Object, java.lang.Object)'> (0x00000000ff117ab0) 
thrown [s\src\hotspot\share\interpreter\linkResolver.cpp, line 784]
Event: 6.061 Thread 0x000001780aa6e500 Exception <a 'java/lang/NoSuchMethodError'{0x00000000ff009a38}: 'java.lang.Object java.lang.invoke.DirectMethodHandle$Holder.invokeVirtual(java.lang.Object, java.lang.Object, java.lang.Object, java.lang.Object, java.lang.Object, java.lang.Object, java.lang.Object, java.lang.Object, java.lang.Object)'> (0x00000000ff009a38) 
thrown [s\src\hotspot\share\interpreter\linkResolver.cpp, line 784]
Event: 6.188 Thread 0x000001780aa6e500 Exception <a 'java/lang/NoSuchMethodError'{0x00000000fef1c850}: 'java.lang.Object java.lang.invoke.DirectMethodHandle$Holder.invokeVirtual(java.lang.Object, java.lang.Object, java.lang.Object, java.lang.Object, java.lang.Object, java.lang.Object, java.lang.Object, java.lang.Object)'> (0x00000000fef1c850) 
thrown [s\src\hotspot\share\interpreter\linkResolver.cpp, line 784]
Event: 6.241 Thread 0x000001780aa6e500 Exception <a 'java/lang/NoSuchMethodError'{0x00000000fefa5c40}: 'java.lang.Object java.lang.invoke.DirectMethodHandle$Holder.invokeStaticInit(java.lang.Object, int, int, int, int)'> (0x00000000fefa5c40) 
thrown [s\src\hotspot\share\interpreter\linkResolver.cpp, line 784]
Event: 6.375 Thread 0x000001780aa6e500 Exception <a 'java/lang/NoSuchMethodError'{0x00000000fee71380}: 'java.lang.Object java.lang.invoke.DirectMethodHandle$Holder.invokeStaticInit(java.lang.Object, java.lang.Object, int, int, int, int)'> (0x00000000fee71380) 
thrown [s\src\hotspot\share\interpreter\linkResolver.cpp, line 784]
Event: 6.439 Thread 0x000001780aa6e500 Implicit null exception at 0x0000017817a90aa0 to 0x0000017817a91068
Event: 6.448 Thread 0x000001780aa6e500 Implicit null exception at 0x0000017817a9ed20 to 0x0000017817a9f2d8
Event: 6.456 Thread 0x000001780aa6e500 Exception <a 'java/lang/NoSuchMethodError'{0x00000000fed5d208}: 'void java.lang.invoke.DirectMethodHandle$Holder.invokeInterface(java.lang.Object, java.lang.Object, java.lang.Object)'> (0x00000000fed5d208) 
thrown [s\src\hotspot\share\interpreter\linkResolver.cpp, line 784]

ZGC Phase Switch (0 events):
No events

VM Operations (20 events):
Event: 121.541 Executing VM operation: Cleanup
Event: 121.541 Executing VM operation: Cleanup done
Event: 125.558 Executing VM operation: Cleanup
Event: 125.558 Executing VM operation: Cleanup done
Event: 129.588 Executing VM operation: Cleanup
Event: 129.588 Executing VM operation: Cleanup done
Event: 144.659 Executing VM operation: Cleanup
Event: 144.659 Executing VM operation: Cleanup done
Event: 147.666 Executing VM operation: Cleanup
Event: 147.666 Executing VM operation: Cleanup done
Event: 167.817 Executing VM operation: Cleanup
Event: 167.818 Executing VM operation: Cleanup done
Event: 168.831 Executing VM operation: Cleanup
Event: 168.831 Executing VM operation: Cleanup done
Event: 182.952 Executing VM operation: Cleanup
Event: 182.952 Executing VM operation: Cleanup done
Event: 267.520 Executing VM operation: Cleanup
Event: 267.536 Executing VM operation: Cleanup done
Event: 269.549 Executing VM operation: Cleanup
Event: 269.549 Executing VM operation: Cleanup done

Memory protections (0 events):
No events

Nmethod flushes (0 events):
No events

Events (20 events):
Event: 0.199 Thread 0x000001780aa6e500 Thread added: 0x00000178215af0e0
Event: 0.200 Thread 0x000001780aa6e500 Thread added: 0x000001782158bb20
Event: 0.200 Thread 0x000001780aa6e500 Thread added: 0x000001782158c500
Event: 0.200 Thread 0x000001780aa6e500 Thread added: 0x000001782158cb60
Event: 0.201 Thread 0x000001780aa6e500 Thread added: 0x000001782158d4f0
Event: 0.203 Thread 0x000001780aa6e500 Thread added: 0x0000017821710940
Event: 0.413 Thread 0x000001780aa6e500 Thread added: 0x00000178218845b0
Event: 0.449 Thread 0x000001780aa6e500 Thread added: 0x000001782188eec0
Event: 0.498 Loaded shared library C:\Program Files\Android\Android Studio\jbr\bin\net.dll
Event: 0.505 Loaded shared library C:\Program Files\Android\Android Studio\jbr\bin\nio.dll
Event: 0.540 Loaded shared library C:\Program Files\Android\Android Studio\jbr\bin\zip.dll
Event: 2.658 Thread 0x000001782158d4f0 Thread added: 0x0000017821aec220
Event: 2.766 Loaded shared library C:\Program Files\Android\Android Studio\jbr\bin\jimage.dll
Event: 3.054 Thread 0x0000017821aec220 Thread exited: 0x0000017821aec220
Event: 4.322 Loaded shared library C:\Program Files\Android\Android Studio\jbr\bin\management.dll
Event: 4.327 Loaded shared library C:\Program Files\Android\Android Studio\jbr\bin\management_ext.dll
Event: 4.561 Loaded shared library C:\Users\past9\.gradle\native\1def1411415f61bf3af743bc5b6707747c0891f09f0c88961ee8f79bc544acac\windows-amd64\native-platform.dll
Event: 4.714 Loaded shared library C:\Users\past9\.gradle\native\jansi\1.18\windows64\jansi.dll
Event: 4.770 Thread 0x000001780aa6e500 Thread added: 0x0000017826af08a0
Event: 5.533 Loaded shared library C:\Program Files\Android\Android Studio\jbr\bin\extnet.dll


Dynamic libraries:
0x00007ff7e9d90000 - 0x00007ff7e9d9a000 	C:\Program Files\Android\Android Studio\jbr\bin\java.exe
0x00007ff8735e0000 - 0x00007ff873848000 	C:\WINDOWS\SYSTEM32\ntdll.dll
0x00007ff872490000 - 0x00007ff872559000 	C:\WINDOWS\System32\KERNEL32.DLL
0x00007ff870ef0000 - 0x00007ff8712e8000 	C:\WINDOWS\System32\KERNELBASE.dll
0x00007ff870a00000 - 0x00007ff870b4b000 	C:\WINDOWS\System32\ucrtbase.dll
0x00007ff839cf0000 - 0x00007ff839d08000 	C:\Program Files\Android\Android Studio\jbr\bin\jli.dll
0x00007ff871850000 - 0x00007ff871a17000 	C:\WINDOWS\System32\USER32.dll
0x00007ff870860000 - 0x00007ff870887000 	C:\WINDOWS\System32\win32u.dll
0x00007ff8727e0000 - 0x00007ff87280b000 	C:\WINDOWS\System32\GDI32.dll
0x00007ff870730000 - 0x00007ff87085c000 	C:\WINDOWS\System32\gdi32full.dll
0x00007ff870cc0000 - 0x00007ff870d63000 	C:\WINDOWS\System32\msvcp_win.dll
0x00007ff839ec0000 - 0x00007ff839edb000 	C:\Program Files\Android\Android Studio\jbr\bin\VCRUNTIME140.dll
0x00007ff857330000 - 0x00007ff8575c4000 	C:\WINDOWS\WinSxS\amd64_microsoft.windows.common-controls_6595b64144ccf1df_6.0.26100.7019_none_3e06ffa0e335b8a8\COMCTL32.dll
0x00007ff872f70000 - 0x00007ff873019000 	C:\WINDOWS\System32\msvcrt.dll
0x00007ff8726e0000 - 0x00007ff872711000 	C:\WINDOWS\System32\IMM32.DLL
0x00007ff83ab90000 - 0x00007ff83ab9c000 	C:\Program Files\Android\Android Studio\jbr\bin\vcruntime140_1.dll
0x00007ff8304f0000 - 0x00007ff83057d000 	C:\Program Files\Android\Android Studio\jbr\bin\msvcp140.dll
0x00007fffe2270000 - 0x00007fffe2efb000 	C:\Program Files\Android\Android Studio\jbr\bin\server\jvm.dll
0x00007ff871a30000 - 0x00007ff871ae4000 	C:\WINDOWS\System32\ADVAPI32.dll
0x00007ff872350000 - 0x00007ff8723f6000 	C:\WINDOWS\System32\sechost.dll
0x00007ff871380000 - 0x00007ff871498000 	C:\WINDOWS\System32\RPCRT4.dll
0x00007ff873520000 - 0x00007ff873594000 	C:\WINDOWS\System32\WS2_32.dll
0x00007ff870590000 - 0x00007ff8705ee000 	C:\WINDOWS\SYSTEM32\POWRPROF.dll
0x00007ff857660000 - 0x00007ff857695000 	C:\WINDOWS\SYSTEM32\WINMM.dll
0x00007ff8601c0000 - 0x00007ff8601cb000 	C:\WINDOWS\SYSTEM32\VERSION.dll
0x00007ff870570000 - 0x00007ff870584000 	C:\WINDOWS\SYSTEM32\UMPDC.dll
0x00007ff86f4f0000 - 0x00007ff86f50b000 	C:\WINDOWS\SYSTEM32\kernel.appcore.dll
0x00007ff83ab30000 - 0x00007ff83ab3a000 	C:\Program Files\Android\Android Studio\jbr\bin\jimage.dll
0x00007ff86dc00000 - 0x00007ff86de42000 	C:\WINDOWS\SYSTEM32\DBGHELP.DLL
0x00007ff871fc0000 - 0x00007ff87234b000 	C:\WINDOWS\System32\combase.dll
0x00007ff871bf0000 - 0x00007ff871cc7000 	C:\WINDOWS\System32\OLEAUT32.dll
0x00007ff8435a0000 - 0x00007ff8435dc000 	C:\WINDOWS\SYSTEM32\dbgcore.DLL
0x00007ff870b50000 - 0x00007ff870bf5000 	C:\WINDOWS\System32\bcryptPrimitives.dll
0x00007ff839cd0000 - 0x00007ff839cf0000 	C:\Program Files\Android\Android Studio\jbr\bin\java.dll
0x00007ff839930000 - 0x00007ff839948000 	C:\Program Files\Android\Android Studio\jbr\bin\zip.dll
0x00007ff872810000 - 0x00007ff872f5f000 	C:\WINDOWS\System32\SHELL32.dll
0x00007ff870890000 - 0x00007ff8709fb000 	C:\WINDOWS\System32\wintypes.dll
0x00007ff86e370000 - 0x00007ff86ebcd000 	C:\WINDOWS\SYSTEM32\windows.storage.dll
0x00007ff872560000 - 0x00007ff872652000 	C:\WINDOWS\System32\SHCORE.dll
0x00007ff871cd0000 - 0x00007ff871d37000 	C:\WINDOWS\System32\shlwapi.dll
0x00007ff870650000 - 0x00007ff870679000 	C:\WINDOWS\SYSTEM32\profapi.dll
0x00007ff83a870000 - 0x00007ff83a880000 	C:\Program Files\Android\Android Studio\jbr\bin\net.dll
0x00007ff8657a0000 - 0x00007ff8658c8000 	C:\WINDOWS\SYSTEM32\WINHTTP.dll
0x00007ff86fa60000 - 0x00007ff86facb000 	C:\WINDOWS\system32\mswsock.dll
0x00007ff839780000 - 0x00007ff839796000 	C:\Program Files\Android\Android Studio\jbr\bin\nio.dll
0x00007ff83a010000 - 0x00007ff83a020000 	C:\Program Files\Android\Android Studio\jbr\bin\verify.dll
0x00007ff839f30000 - 0x00007ff839f39000 	C:\Program Files\Android\Android Studio\jbr\bin\management.dll
0x00007ff839eb0000 - 0x00007ff839ebb000 	C:\Program Files\Android\Android Studio\jbr\bin\management_ext.dll
0x00007ff873020000 - 0x00007ff873028000 	C:\WINDOWS\System32\PSAPI.DLL
0x00007ff838c70000 - 0x00007ff838c97000 	C:\Users\past9\.gradle\native\1def1411415f61bf3af743bc5b6707747c0891f09f0c88961ee8f79bc544acac\windows-amd64\native-platform.dll
0x00007ff850eb0000 - 0x00007ff850eba000 	C:\Users\past9\.gradle\native\jansi\1.18\windows64\jansi.dll
0x00007ff86f050000 - 0x00007ff86f084000 	C:\WINDOWS\SYSTEM32\IPHLPAPI.DLL
0x00007ff873050000 - 0x00007ff87305a000 	C:\WINDOWS\System32\NSI.dll
0x00007ff839920000 - 0x00007ff839929000 	C:\Program Files\Android\Android Studio\jbr\bin\extnet.dll
0x00007ff86fd20000 - 0x00007ff86fd3b000 	C:\WINDOWS\SYSTEM32\CRYPTSP.dll
0x00007ff86f450000 - 0x00007ff86f48a000 	C:\WINDOWS\system32\rsaenh.dll
0x00007ff86fb10000 - 0x00007ff86fb3b000 	C:\WINDOWS\SYSTEM32\USERENV.dll
0x00007ff870620000 - 0x00007ff87064a000 	C:\WINDOWS\SYSTEM32\bcrypt.dll
0x00007ff86fd40000 - 0x00007ff86fd4c000 	C:\WINDOWS\SYSTEM32\CRYPTBASE.dll
0x00007ff863ce0000 - 0x00007ff863ce8000 	C:\WINDOWS\system32\wshunix.dll

dbghelp: loaded successfully - version: 4.0.5 - missing functions: none
symbol engine: initialized successfully - sym options: 0x614 - pdb path: .;C:\Program Files\Android\Android Studio\jbr\bin;C:\WINDOWS\SYSTEM32;C:\WINDOWS\WinSxS\amd64_microsoft.windows.common-controls_6595b64144ccf1df_6.0.26100.7019_none_3e06ffa0e335b8a8;C:\Program Files\Android\Android Studio\jbr\bin\server;C:\Users\past9\.gradle\native\1def1411415f61bf3af743bc5b6707747c0891f09f0c88961ee8f79bc544acac\windows-amd64;C:\Users\past9\.gradle\native\jansi\1.18\windows64

VM Arguments:
jvm_args: -Xmx64m -Xms64m -Dorg.gradle.appname=gradlew 
java_command: org.gradle.wrapper.GradleWrapperMain build
java_class_path (initial): C:\Users\past9\OneDrive\Desktop\project\FFF\MemGallery\\gradle\wrapper\gradle-wrapper.jar
Launcher Type: SUN_STANDARD

[Global flags]
     intx CICompilerCount                          = 3                                         {product} {ergonomic}
     uint ConcGCThreads                            = 1                                         {product} {ergonomic}
     uint G1ConcRefinementThreads                  = 4                                         {product} {ergonomic}
   size_t G1HeapRegionSize                         = 1048576                                   {product} {ergonomic}
    uintx GCDrainStackTargetSize                   = 64                                        {product} {ergonomic}
   size_t InitialHeapSize                          = 67108864                                  {product} {command line}
   size_t MarkStackSize                            = 4194304                                   {product} {ergonomic}
   size_t MaxHeapSize                              = 67108864                                  {product} {command line}
   size_t MaxNewSize                               = 39845888                                  {product} {ergonomic}
   size_t MinHeapDeltaBytes                        = 1048576                                   {product} {ergonomic}
   size_t MinHeapSize                              = 67108864                                  {product} {command line}
    uintx NonNMethodCodeHeapSize                   = 5832780                                {pd product} {ergonomic}
    uintx NonProfiledCodeHeapSize                  = 122912730                              {pd product} {ergonomic}
    uintx ProfiledCodeHeapSize                     = 122912730                              {pd product} {ergonomic}
    uintx ReservedCodeCacheSize                    = 251658240                              {pd product} {ergonomic}
     bool SegmentedCodeCache                       = true                                      {product} {ergonomic}
   size_t SoftMaxHeapSize                          = 67108864                               {manageable} {ergonomic}
     bool UseCompressedOops                        = true                           {product lp64_product} {ergonomic}
     bool UseG1GC                                  = true                                      {product} {ergonomic}
     bool UseLargePagesIndividualAllocation        = false                                  {pd product} {ergonomic}

Logging:
Log output configuration:
 #0: stdout all=warning uptime,level,tags foldmultilines=false
 #1: stderr all=off uptime,level,tags foldmultilines=false

Environment Variables:
JAVA_HOME=C:\Program Files\Android\Android Studio\jbr
CLASSPATH=C:\Users\past9\OneDrive\Desktop\project\FFF\MemGallery\\gradle\wrapper\gradle-wrapper.jar
PATH=C:\WINDOWS\system32;C:\WINDOWS;C:\WINDOWS\System32\Wbem;C:\WINDOWS\System32\WindowsPowerShell\v1.0\;C:\WINDOWS\System32\OpenSSH\;C:\Program Files\dotnet\;C:\Program Files\nodejs\;C:\Program Files\Git\cmd;C:\Users\past9\.cargo\bin;C:\Users\past9\AppData\Local\Programs\Python\Launcher\;C:\Users\past9\AppData\Local\Microsoft\WindowsApps;C:\Users\past9\AppData\Roaming\npm;C:\Users\past9\AppData\Local\Programs\Microsoft VS Code\bin;C:\Users\past9\AppData\Local\Programs\Python\Python313\;C:\Users\past9\AppData\Local\Programs\Python\Python313\Scripts\;C:\Program Files\Android\Android Studio\jbr\bin;C:\Users\past9\AppData\Local\Programs\Python\Launcher\;C:\Users\past9\AppData\Local\Microsoft\WindowsApps;C:\Users\past9\AppData\Roaming\npm;C:\Users\past9\AppData\Local\Programs\Microsoft VS Code\bin;C:\Users\past9\AppData\Local\Programs\Python\Python313\;C:\Users\past9\AppData\Local\Programs\Python\Python313\Scripts\;C:\Users\past9\AppData\Local\Programs\MiKTeX\miktex\bin\x64\
USERNAME=past9
TERM=xterm-256color
OS=Windows_NT
PROCESSOR_IDENTIFIER=Intel64 Family 6 Model 142 Stepping 12, GenuineIntel
TMP=C:\Users\past9\AppData\Local\Temp
TEMP=C:\Users\past9\AppData\Local\Temp




Periodic native trim disabled

JNI global refs:
JNI global refs: 19, weak refs: 1

JNI global refs memory usage: 835, weak refs: 833

Process memory usage:
Resident Set Size: 20768K (0% of 8236320K total physical memory with 546168K free physical memory)

OOME stack traces (most recent first):
Classloader memory used:
Loader bootstrap                                                                       : 13037K
Loader org.gradle.internal.classloader.VisitableURLClassLoader                         : 5023K
Loader java.net.URLClassLoader                                                         : 234K
Loader jdk.internal.loader.ClassLoaders$AppClassLoader                                 : 153K
Loader jdk.internal.loader.ClassLoaders$PlatformClassLoader                            : 108K

Classes loaded by more than one classloader:
Class org.gradle.cli.AbstractPropertiesCommandLineConverter                           : loaded 2 times (x 79B)
Class org.gradle.cli.CommandLineParser                                                : loaded 2 times (x 75B)
Class org.gradle.internal.service.UnknownServiceException                             : loaded 2 times (x 79B)
Class org.gradle.cli.SystemPropertiesCommandLineConverter                             : loaded 2 times (x 79B)
Class org.gradle.cli.CommandLineArgumentException                                     : loaded 2 times (x 78B)
Class org.gradle.cli.CommandLineParser$KnownOptionParserState                         : loaded 2 times (x 72B)
Class org.gradle.internal.InternalTransformer                                         : loaded 2 times (x 66B)
Class org.gradle.internal.classpath.DefaultClassPath$ImmutableUniqueList              : loaded 2 times (x 195B)
Class org.gradle.cli.CommandLineParser$OptionAwareParserState                         : loaded 2 times (x 73B)
Class org.gradle.cli.ParsedCommandLine                                                : loaded 2 times (x 76B)
Class org.gradle.internal.classpath.ClassPath                                         : loaded 2 times (x 66B)
Class org.gradle.cli.CommandLineParser$UnknownOptionParserState                       : loaded 2 times (x 72B)
Class org.gradle.cli.ParsedCommandLineOption                                          : loaded 2 times (x 72B)
Class org.gradle.api.UncheckedIOException                                             : loaded 2 times (x 78B)
Class org.gradle.cli.CommandLineParser$AfterFirstSubCommand                           : loaded 2 times (x 73B)
Class org.gradle.api.internal.classpath.ModuleRegistry                                : loaded 2 times (x 66B)
Class org.gradle.internal.installation.GradleInstallation$1                           : loaded 2 times (x 71B)
Class org.gradle.cli.CommandLineOption                                                : loaded 2 times (x 82B)
Class org.gradle.cli.CommandLineParser$BeforeFirstSubCommand                          : loaded 2 times (x 73B)
Class org.gradle.internal.service.ServiceLookupException                              : loaded 2 times (x 78B)
Class org.gradle.cli.CommandLineParser$OptionParserState                              : loaded 2 times (x 71B)
Class org.gradle.internal.classloader.ClasspathUtil                                   : loaded 2 times (x 67B)
Class org.gradle.api.specs.Spec                                                       : loaded 2 times (x 66B)
Class org.gradle.internal.classpath.DefaultClassPath                                  : loaded 2 times (x 86B)
Class org.gradle.internal.Cast                                                        : loaded 2 times (x 67B)
Class org.gradle.api.Action                                                           : loaded 2 times (x 66B)
Class org.gradle.cli.AbstractCommandLineConverter                                     : loaded 2 times (x 75B)
Class org.gradle.api.GradleException                                                  : loaded 2 times (x 78B)
Class org.gradle.internal.IoActions                                                   : loaded 2 times (x 67B)
Class org.gradle.cli.CommandLineConverter                                             : loaded 2 times (x 66B)
Class org.gradle.cli.CommandLineParser$ParserState                                    : loaded 2 times (x 72B)
Class org.gradle.internal.installation.CurrentGradleInstallationLocator               : loaded 2 times (x 67B)
Class org.gradle.internal.installation.CurrentGradleInstallation                      : loaded 2 times (x 69B)
Class org.gradle.util.internal.GUtil                                                  : loaded 2 times (x 67B)
Class org.gradle.cli.CommandLineParser$AfterOptions                                   : loaded 2 times (x 73B)
Class org.gradle.internal.installation.GradleInstallation                             : loaded 2 times (x 71B)

---------------  S Y S T E M  ---------------

OS:
 Windows 11 , 64 bit Build 26100 (10.0.26100.7019)
OS uptime: 0 days 23:55 hours

CPU: total 4 (initial active 4) (2 cores per cpu, 2 threads per core) family 6 model 142 stepping 12 microcode 0xde, cx8, cmov, fxsr, ht, mmx, 3dnowpref, sse, sse2, sse3, ssse3, sse4.1, sse4.2, popcnt, lzcnt, tsc, tscinvbit, avx, avx2, aes, erms, clmul, bmi1, bmi2, adx, fma, vzeroupper, clflush, clflushopt, rdtscp, f16c
Processor Information for the first 4 processors :
  Max Mhz: 2304, Current Mhz: 2103, Mhz Limit: 2096

Memory: 4k page, system-wide physical 8043M (499M free)
TotalPageFile size 21923M (AvailPageFile size 0M)
current process WorkingSet (physical memory assigned to process): 25M, peak: 104M
current process commit charge ("private bytes"): 159M, peak: 161M

vm_info: OpenJDK 64-Bit Server VM (21.0.6+-13391695-b895.109) for windows-amd64 JRE (21.0.6+-13391695-b895.109), built on 2025-04-22T21:19:17Z by "builder" with MS VC++ 16.10 / 16.11 (VS2019)

END.
